<?xml version="1.0" encoding="UTF-8"?>
<!-- Generated by org.testng.reporters.JUnitReportReporter -->
<testsuite skipped="0" hostname="LAPTOP-TLUJRDMN" name="test.day1" tests="1" failures="0" timestamp="2021-05-02T22:31:16 EDT" time="0.001" errors="0">
  <testcase name="SecondTestCS" time="0.001" classname="test.day1"/>
  <system-out/>
</testsuite> <!-- test.day1 -->
