<?xml version="1.0" encoding="UTF-8"?>
<!-- Generated by org.testng.reporters.JUnitReportReporter -->
<testsuite skipped="0" hostname="LAPTOP-TLUJRDMN" name="test.day2" tests="1" failures="0" timestamp="2021-05-02T22:31:16 EDT" time="0.010" errors="0">
  <testcase name="test4" time="0.010" classname="test.day2"/>
  <system-out/>
</testsuite> <!-- test.day2 -->
