<?xml version="1.0" encoding="UTF-8"?>
<!-- Generated by org.testng.reporters.JUnitReportReporter -->
<testsuite skipped="0" hostname="LAPTOP-TLUJRDMN" name="test.day4" tests="3" failures="0" timestamp="2021-05-02T22:31:16 EDT" time="0.003" errors="0">
  <testcase name="MobileLoginHomeLoan" time="0.000" classname="test.day4"/>
  <system-out/>
  <testcase name="WebloginHomeLoan" time="0.002" classname="test.day4"/>
  <system-out/>
  <testcase name="LoginAPIHomeLoan" time="0.001" classname="test.day4"/>
  <system-out/>
</testsuite> <!-- test.day4 -->
