<?xml version="1.0" encoding="UTF-8"?>
<!-- Generated by org.testng.reporters.JUnitReportReporter -->
<testsuite skipped="0" hostname="LAPTOP-TLUJRDMN" name="test.day3" tests="2" failures="0" timestamp="2021-05-02T22:31:16 EDT" time="0.003" errors="0">
  <testcase name="LoginAPICarLoan" time="0.001" classname="test.day3"/>
  <system-out/>
  <testcase name="WebloginCarLoan" time="0.002" classname="test.day3"/>
  <system-out/>
</testsuite> <!-- test.day3 -->
